[INFO] Scanning for projects...
[INFO] 
[INFO] -------------------< com.github.artus:cicd-tutorial >-------------------
[INFO] Building cicd-tutorial 0.0.1-SNAPSHOT
[INFO] --------------------------------[ jar ]---------------------------------
[INFO] 
[INFO] >>> spring-boot-maven-plugin:2.2.0.RELEASE:run (default-cli) > test-compile @ cicd-tutorial >>>
[INFO] 
[INFO] --- maven-resources-plugin:3.1.0:resources (default-resources) @ cicd-tutorial ---
[INFO] Using 'UTF-8' encoding to copy filtered resources.
[INFO] Copying 1 resource
[INFO] Copying 0 resource
[INFO] 
[INFO] --- maven-compiler-plugin:3.8.1:compile (default-compile) @ cicd-tutorial ---
[INFO] Nothing to compile - all classes are up to date
[INFO] 
[INFO] --- maven-resources-plugin:3.1.0:testResources (default-testResources) @ cicd-tutorial ---
[INFO] Using 'UTF-8' encoding to copy filtered resources.
[INFO] skip non existing resourceDirectory C:\Users\artus\projects\cicd-tutorial\src\test\resources
[INFO] 
[INFO] --- maven-compiler-plugin:3.8.1:testCompile (default-testCompile) @ cicd-tutorial ---
[INFO] Nothing to compile - all classes are up to date
[INFO] 
[INFO] <<< spring-boot-maven-plugin:2.2.0.RELEASE:run (default-cli) < test-compile @ cicd-tutorial <<<
[INFO] 
[INFO] 
[INFO] --- spring-boot-maven-plugin:2.2.0.RELEASE:run (default-cli) @ cicd-tutorial ---
[INFO] Attaching agents: []

  .   ____          _            __ _ _
 /\\ / ___'_ __ _ _(_)_ __  __ _ \ \ \ \
( ( )\___ | '_ | '_| | '_ \/ _` | \ \ \ \
 \\/  ___)| |_)| | | | | || (_| |  ) ) ) )
  '  |____| .__|_| |_|_| |_\__, | / / / /
 =========|_|==============|___/=/_/_/_/
 :: Spring Boot ::        (v2.2.0.RELEASE)

2019-10-31 12:01:14.715  INFO 10232 --- [           main] c.g.a.c.CicdTutorialApplication          : Starting CicdTutorialApplication on x1 with PID 10232 (C:\Users\artus\projects\cicd-tutorial\target\classes started by artus in C:\Users\artus\projects\cicd-tutorial)
2019-10-31 12:01:14.718  INFO 10232 --- [           main] c.g.a.c.CicdTutorialApplication          : No active profile set, falling back to default profiles: default
2019-10-31 12:01:15.817  INFO 10232 --- [           main] o.s.b.w.embedded.tomcat.TomcatWebServer  : Tomcat initialized with port(s): 8080 (http)
2019-10-31 12:01:15.826  INFO 10232 --- [           main] o.apache.catalina.core.StandardService   : Starting service [Tomcat]
2019-10-31 12:01:15.826  INFO 10232 --- [           main] org.apache.catalina.core.StandardEngine  : Starting Servlet engine: [Apache Tomcat/9.0.27]
2019-10-31 12:01:15.887  INFO 10232 --- [           main] o.a.c.c.C.[Tomcat].[localhost].[/]       : Initializing Spring embedded WebApplicationContext
2019-10-31 12:01:15.887  INFO 10232 --- [           main] o.s.web.context.ContextLoader            : Root WebApplicationContext: initialization completed in 1120 ms
2019-10-31 12:01:16.035  INFO 10232 --- [           main] o.s.s.concurrent.ThreadPoolTaskExecutor  : Initializing ExecutorService 'applicationTaskExecutor'
2019-10-31 12:01:16.162  INFO 10232 --- [           main] o.s.b.w.embedded.tomcat.TomcatWebServer  : Tomcat started on port(s): 8080 (http) with context path ''
2019-10-31 12:01:16.165  INFO 10232 --- [           main] c.g.a.c.CicdTutorialApplication          : Started CicdTutorialApplication in 1.817 seconds (JVM running for 2.291)
2019-10-31 12:01:50.873  INFO 10232 --- [nio-8080-exec-1] o.a.c.c.C.[Tomcat].[localhost].[/]       : Initializing Spring DispatcherServlet 'dispatcherServlet'
2019-10-31 12:01:50.873  INFO 10232 --- [nio-8080-exec-1] o.s.web.servlet.DispatcherServlet        : Initializing Servlet 'dispatcherServlet'
2019-10-31 12:01:50.878  INFO 10232 --- [nio-8080-exec-1] o.s.web.servlet.DispatcherServlet        : Completed initialization in 5 ms
